nohup: ignoring input
./auto_push.sh: line 6: cd: /home/yourname/LeetcodeCodes: No such file or directory
Watching /home/yourname/LeetcodeCodes for changes...
Setting up watches.  Beware: since -r was given, this may take a while!
Couldn't watch /home/yourname/LeetcodeCodes: No such file or directory
[main 7d9a70d] Auto commit: 2025-08-03 19:53:32
 1 file changed, 5 insertions(+)
 create mode 100644 push.log
To github.com:Koshikamani/leetcode.git
   e29dc45..7d9a70d  main -> main
Setting up watches.  Beware: since -r was given, this may take a while!
Couldn't watch /home/yourname/LeetcodeCodes: No such file or directory
[main 887a15a] Auto commit: 2025-08-03 19:53:36
 1 file changed, 7 insertions(+)
To github.com:Koshikamani/leetcode.git
   7d9a70d..887a15a  main -> main
Setting up watches.  Beware: since -r was given, this may take a while!
Couldn't watch /home/yourname/LeetcodeCodes: No such file or directory
[main 5de4215] Auto commit: 2025-08-03 19:53:39
 1 file changed, 6 insertions(+)
To github.com:Koshikamani/leetcode.git
   887a15a..5de4215  main -> main
Setting up watches.  Beware: since -r was given, this may take a while!
Couldn't watch /home/yourname/LeetcodeCodes: No such file or directory
[main f203dc3] Auto commit: 2025-08-03 19:53:43
 1 file changed, 6 insertions(+)
To github.com:Koshikamani/leetcode.git
   5de4215..f203dc3  main -> main
Setting up watches.  Beware: since -r was given, this may take a while!
Couldn't watch /home/yourname/LeetcodeCodes: No such file or directory
[main 4ad03b9] Auto commit: 2025-08-03 19:53:46
 1 file changed, 6 insertions(+)
To github.com:Koshikamani/leetcode.git
   f203dc3..4ad03b9  main -> main
Setting up watches.  Beware: since -r was given, this may take a while!
Couldn't watch /home/yourname/LeetcodeCodes: No such file or directory
[main 34afab1] Auto commit: 2025-08-03 19:53:50
 1 file changed, 6 insertions(+)
To github.com:Koshikamani/leetcode.git
   4ad03b9..34afab1  main -> main
Setting up watches.  Beware: since -r was given, this may take a while!
Couldn't watch /home/yourname/LeetcodeCodes: No such file or directory
[main 6fccb2d] Auto commit: 2025-08-03 19:53:53
 1 file changed, 6 insertions(+)
To github.com:Koshikamani/leetcode.git
   34afab1..6fccb2d  main -> main
Setting up watches.  Beware: since -r was given, this may take a while!
Couldn't watch /home/yourname/LeetcodeCodes: No such file or directory
[main 03549b0] Auto commit: 2025-08-03 19:53:57
 1 file changed, 6 insertions(+)
To github.com:Koshikamani/leetcode.git
   6fccb2d..03549b0  main -> main
Setting up watches.  Beware: since -r was given, this may take a while!
Couldn't watch /home/yourname/LeetcodeCodes: No such file or directory
[main fa7ee27] Auto commit: 2025-08-03 19:54:01
 1 file changed, 6 insertions(+)
To github.com:Koshikamani/leetcode.git
   03549b0..fa7ee27  main -> main
Setting up watches.  Beware: since -r was given, this may take a while!
Couldn't watch /home/yourname/LeetcodeCodes: No such file or directory
[main 9c4c84a] Auto commit: 2025-08-03 19:54:04
 1 file changed, 6 insertions(+)
To github.com:Koshikamani/leetcode.git
   fa7ee27..9c4c84a  main -> main
Setting up watches.  Beware: since -r was given, this may take a while!
Couldn't watch /home/yourname/LeetcodeCodes: No such file or directory
[main 76497e4] Auto commit: 2025-08-03 19:54:08
 1 file changed, 6 insertions(+)
To github.com:Koshikamani/leetcode.git
   9c4c84a..76497e4  main -> main
Setting up watches.  Beware: since -r was given, this may take a while!
Couldn't watch /home/yourname/LeetcodeCodes: No such file or directory
[main 8046d25] Auto commit: 2025-08-03 19:54:12
 1 file changed, 6 insertions(+)
To github.com:Koshikamani/leetcode.git
   76497e4..8046d25  main -> main
Setting up watches.  Beware: since -r was given, this may take a while!
Couldn't watch /home/yourname/LeetcodeCodes: No such file or directory
[main 0578a4b] Auto commit: 2025-08-03 19:54:16
 1 file changed, 6 insertions(+)
To github.com:Koshikamani/leetcode.git
   8046d25..0578a4b  main -> main
Setting up watches.  Beware: since -r was given, this may take a while!
Couldn't watch /home/yourname/LeetcodeCodes: No such file or directory
[main ab84836] Auto commit: 2025-08-03 19:54:19
 1 file changed, 6 insertions(+)
To github.com:Koshikamani/leetcode.git
   0578a4b..ab84836  main -> main
Setting up watches.  Beware: since -r was given, this may take a while!
Couldn't watch /home/yourname/LeetcodeCodes: No such file or directory
[main e80b0df] Auto commit: 2025-08-03 19:54:22
 1 file changed, 6 insertions(+)
To github.com:Koshikamani/leetcode.git
   ab84836..e80b0df  main -> main
Setting up watches.  Beware: since -r was given, this may take a while!
Couldn't watch /home/yourname/LeetcodeCodes: No such file or directory
[main da90997] Auto commit: 2025-08-03 19:54:26
 1 file changed, 6 insertions(+)
To github.com:Koshikamani/leetcode.git
   e80b0df..da90997  main -> main
Setting up watches.  Beware: since -r was given, this may take a while!
Couldn't watch /home/yourname/LeetcodeCodes: No such file or directory
